[bot 20260718T155217Z] === pulse start ===
[bot 20260718T155227Z] signals:SIGNAL https://api.github.com/repos/rust-lang/rust/releases SIMD SIGNAL https://api.github.com/repos/rust-lang/rust/releases AVX SIGNAL https://api.github.com/repos/rust-lang/rust/releases NEON SIGNAL https://api.github.com/repos/rust-lang/rust/releases WASM SIGNAL https://api.github.com/repos/rust-lang/rust/releases numeric SIGNAL https://api.github.com/repos/rust-lang/rust/releases overflow SIGNAL https://api.github.com/repos/rust-lang/rust/releases bounds 
[bot 20260718T155227Z] generate: /Users/Amit/Downloads/ Vendor Quotations/untitled folder 2/Sakum Lang/assembly/sakum_lib_numeric.s already exists, skip
[bot 20260718T155229Z] recompile FAILED: sakum_db
[bot 20260718T155229Z] === pulse end (FAIL, exit 2) ===
[bot 20260718T155316Z] === pulse start ===
[bot 20260718T155321Z] signals:SIGNAL https://api.github.com/repos/rust-lang/rust/releases SIMD SIGNAL https://api.github.com/repos/rust-lang/rust/releases AVX SIGNAL https://api.github.com/repos/rust-lang/rust/releases NEON SIGNAL https://api.github.com/repos/rust-lang/rust/releases WASM SIGNAL https://api.github.com/repos/rust-lang/rust/releases numeric SIGNAL https://api.github.com/repos/rust-lang/rust/releases overflow SIGNAL https://api.github.com/repos/rust-lang/rust/releases bounds 
[bot 20260718T155321Z] generate: /Users/Amit/Downloads/ Vendor Quotations/untitled folder 2/Sakum Lang/assembly/sakum_lib_numeric.s already exists, skip
[bot 20260718T155322Z] recompile PASS (all x86-64 targets)
[bot 20260718T155322Z] === pulse end (OK, survive=49) ===
[bot 20260718T161021Z] === pulse start ===
[bot 20260718T161027Z] signals:SIGNAL https://api.github.com/repos/rust-lang/rust/releases SIMD SIGNAL https://api.github.com/repos/rust-lang/rust/releases AVX SIGNAL https://api.github.com/repos/rust-lang/rust/releases NEON SIGNAL https://api.github.com/repos/rust-lang/rust/releases WASM SIGNAL https://api.github.com/repos/rust-lang/rust/releases numeric SIGNAL https://api.github.com/repos/rust-lang/rust/releases overflow SIGNAL https://api.github.com/repos/rust-lang/rust/releases bounds 
[bot 20260718T161027Z] generate: /Users/Amit/Downloads/ Vendor Quotations/untitled folder 2/Sakum Lang/assembly/sakum_lib_overflow.s already exists, skip
[bot 20260718T161030Z] recompile FAILED: sakum_lib_ocr
[bot 20260718T161030Z] === pulse end (FAIL, exit 2) ===
[bot 20260718T161240Z] === pulse start ===
[bot 20260718T161246Z] signals:SIGNAL https://api.github.com/repos/rust-lang/rust/releases SIMD SIGNAL https://api.github.com/repos/rust-lang/rust/releases AVX SIGNAL https://api.github.com/repos/rust-lang/rust/releases NEON SIGNAL https://api.github.com/repos/rust-lang/rust/releases WASM SIGNAL https://api.github.com/repos/rust-lang/rust/releases numeric SIGNAL https://api.github.com/repos/rust-lang/rust/releases overflow SIGNAL https://api.github.com/repos/rust-lang/rust/releases bounds 
[bot 20260718T161246Z] generate: /Users/Amit/Downloads/ Vendor Quotations/untitled folder 2/Sakum Lang/assembly/sakum_lib_simd.s already exists, skip
[bot 20260718T161249Z] recompile PASS (all x86-64 targets)
[bot 20260718T161249Z] === pulse end (OK, survive=50) ===
[bot 20260718T171606Z] === pulse start ===
[bot 20260718T171618Z] signals:SIGNAL https://api.github.com/repos/rust-lang/rust/releases SIMD SIGNAL https://api.github.com/repos/rust-lang/rust/releases AVX SIGNAL https://api.github.com/repos/rust-lang/rust/releases NEON SIGNAL https://api.github.com/repos/rust-lang/rust/releases WASM SIGNAL https://api.github.com/repos/rust-lang/rust/releases numeric SIGNAL https://api.github.com/repos/rust-lang/rust/releases overflow SIGNAL https://api.github.com/repos/rust-lang/rust/releases bounds 
[bot 20260718T171618Z] generate: /Users/Amit/Downloads/ Vendor Quotations/untitled folder 2/Sakum Lang/assembly/sakum_lib_bounds.s already exists, skip
[bot 20260718T171646Z] recompile PASS (all x86-64 targets)
[bot 20260718T171646Z] === pulse end (OK, survive=51) ===
[bot 20260718T171709Z] === pulse start ===
[bot 20260718T171718Z] signals:SIGNAL https://api.github.com/repos/rust-lang/rust/releases SIMD SIGNAL https://api.github.com/repos/rust-lang/rust/releases AVX SIGNAL https://api.github.com/repos/rust-lang/rust/releases NEON SIGNAL https://api.github.com/repos/rust-lang/rust/releases WASM SIGNAL https://api.github.com/repos/rust-lang/rust/releases numeric SIGNAL https://api.github.com/repos/rust-lang/rust/releases overflow SIGNAL https://api.github.com/repos/rust-lang/rust/releases bounds 
[bot 20260718T171718Z] generate: /Users/Amit/Downloads/ Vendor Quotations/untitled folder 2/Sakum Lang/assembly/sakum_lib_numeric.s already exists, skip
[bot 20260718T171746Z] recompile PASS (all x86-64 targets)
[bot 20260718T171746Z] === pulse end (OK, survive=52) ===
[bot 20260718T171808Z] === pulse start ===
[bot 20260718T171815Z] signals:SIGNAL https://api.github.com/repos/rust-lang/rust/releases SIMD SIGNAL https://api.github.com/repos/rust-lang/rust/releases AVX SIGNAL https://api.github.com/repos/rust-lang/rust/releases NEON SIGNAL https://api.github.com/repos/rust-lang/rust/releases WASM SIGNAL https://api.github.com/repos/rust-lang/rust/releases numeric SIGNAL https://api.github.com/repos/rust-lang/rust/releases overflow SIGNAL https://api.github.com/repos/rust-lang/rust/releases bounds 
[bot 20260718T171815Z] generate: /Users/Amit/Downloads/ Vendor Quotations/untitled folder 2/Sakum Lang/assembly/sakum_lib_rvv.s already exists, skip
[bot 20260718T171840Z] recompile PASS (all x86-64 targets)
[bot 20260718T171840Z] === pulse end (OK, survive=53) ===
[bot 20260718T172131Z] === pulse start ===
[bot 20260718T172138Z] signals:SIGNAL https://api.github.com/repos/rust-lang/rust/releases SIMD SIGNAL https://api.github.com/repos/rust-lang/rust/releases AVX SIGNAL https://api.github.com/repos/rust-lang/rust/releases NEON SIGNAL https://api.github.com/repos/rust-lang/rust/releases WASM SIGNAL https://api.github.com/repos/rust-lang/rust/releases numeric SIGNAL https://api.github.com/repos/rust-lang/rust/releases overflow SIGNAL https://api.github.com/repos/rust-lang/rust/releases bounds 
[bot 20260718T172138Z] generate: /Users/Amit/Downloads/ Vendor Quotations/untitled folder 2/Sakum Lang/assembly/sakum_lib_overflow.s already exists, skip
[bot 20260718T172207Z] recompile PASS (all x86-64 targets)
[bot 20260718T172207Z] === pulse end (OK, survive=54) ===
[bot 20260718T172718Z] === pulse start ===
[bot 20260718T172731Z] signals:SIGNAL https://api.github.com/repos/rust-lang/rust/releases SIMD SIGNAL https://api.github.com/repos/rust-lang/rust/releases AVX SIGNAL https://api.github.com/repos/rust-lang/rust/releases NEON SIGNAL https://api.github.com/repos/rust-lang/rust/releases WASM SIGNAL https://api.github.com/repos/rust-lang/rust/releases numeric SIGNAL https://api.github.com/repos/rust-lang/rust/releases overflow SIGNAL https://api.github.com/repos/rust-lang/rust/releases bounds 
[bot 20260718T172731Z] generate: /Users/Amit/Downloads/ Vendor Quotations/untitled folder 2/Sakum Lang/assembly/sakum_lib_rvv.s already exists, skip
[bot 20260718T172811Z] recompile PASS (all x86-64 targets)
[bot 20260718T172811Z] === pulse end (OK, survive=55) ===
[bot 20260718T173717Z] === pulse start ===
[bot 20260718T173733Z] signals:SIGNAL https://api.github.com/repos/rust-lang/rust/releases SIMD SIGNAL https://api.github.com/repos/rust-lang/rust/releases AVX SIGNAL https://api.github.com/repos/rust-lang/rust/releases NEON SIGNAL https://api.github.com/repos/rust-lang/rust/releases WASM SIGNAL https://api.github.com/repos/rust-lang/rust/releases numeric SIGNAL https://api.github.com/repos/rust-lang/rust/releases overflow SIGNAL https://api.github.com/repos/rust-lang/rust/releases bounds 
[bot 20260718T173734Z] generate: /Users/Amit/Downloads/ Vendor Quotations/untitled folder 2/Sakum Lang/assembly/sakum_lib_simd.s already exists, skip
[bot 20260718T173828Z] recompile PASS (all x86-64 targets)
[bot 20260718T173828Z] === pulse end (OK, survive=56) ===
